  P6.cpp
D:\LacCGeIHC\P8_V3\P6\P6\Window.h(13,36): warning C4244: 'return': conversión de 'GLint' a 'GLfloat'; posible pérdida de datos
D:\LacCGeIHC\P8_V3\P6\P6\Window.h(14,37): warning C4244: 'return': conversión de 'GLint' a 'GLfloat'; posible pérdida de datos
D:\LacCGeIHC\P8_V3\P6\P6\Window.h(20,28): warning C4244: 'return': conversión de 'unsigned int' a 'GLfloat'; posible pérdida de datos
D:\LacCGeIHC\P8_V3\P6\P6\Window.h(21,33): warning C4244: 'return': conversión de 'unsigned int' a 'GLfloat'; posible pérdida de datos
D:\LacCGeIHC\P8_V3\P6\P6\Window.h(22,30): warning C4244: 'return': conversión de 'unsigned int' a 'GLfloat'; posible pérdida de datos
D:\LacCGeIHC\P8_V3\P6\P6\P6.cpp(275,2): warning C4305: 'inicializando': truncamiento de 'double' a 'GLfloat'
D:\LacCGeIHC\P8_V3\P6\P6\P6.cpp(406,10): warning C4244: '=': conversión de 'float' a 'int'; posible pérdida de datos
D:\LacCGeIHC\P8_V3\P6\P6\P6.cpp(419,15): warning C4244: 'inicializando': conversión de 'double' a 'GLfloat'; posible pérdida de datos
D:\LacCGeIHC\P8_V3\P6\P6\P6.cpp(421,43): warning C4244: '+=': conversión de 'double' a 'GLfloat'; posible pérdida de datos
D:\LacCGeIHC\P8_V3\P6\P6\P6.cpp(443,34): warning C4305: '+=': truncamiento de 'double' a 'float'
D:\LacCGeIHC\P8_V3\P6\P6\P6.cpp(445,42): warning C4244: '-=': conversión de 'double' a 'float'; posible pérdida de datos
D:\LacCGeIHC\P8_V3\P6\P6\P6.cpp(447,34): warning C4244: '+=': conversión de 'double' a 'float'; posible pérdida de datos
D:\LacCGeIHC\P8_V3\P6\P6\P6.cpp(468,34): warning C4305: '+=': truncamiento de 'double' a 'float'
D:\LacCGeIHC\P8_V3\P6\P6\P6.cpp(470,33): warning C4244: '+=': conversión de 'double' a 'float'; posible pérdida de datos
D:\LacCGeIHC\P8_V3\P6\P6\P6.cpp(471,45): warning C4244: '+=': conversión de 'double' a 'float'; posible pérdida de datos
D:\LacCGeIHC\P8_V3\P6\P6\P6.cpp(493,34): warning C4305: '+=': truncamiento de 'double' a 'float'
D:\LacCGeIHC\P8_V3\P6\P6\P6.cpp(495,44): warning C4244: '+=': conversión de 'double' a 'float'; posible pérdida de datos
D:\LacCGeIHC\P8_V3\P6\P6\P6.cpp(496,34): warning C4244: '-=': conversión de 'double' a 'float'; posible pérdida de datos
D:\LacCGeIHC\P8_V3\P6\P6\P6.cpp(519,34): warning C4305: '+=': truncamiento de 'double' a 'float'
D:\LacCGeIHC\P8_V3\P6\P6\P6.cpp(521,33): warning C4244: '-=': conversión de 'double' a 'float'; posible pérdida de datos
D:\LacCGeIHC\P8_V3\P6\P6\P6.cpp(522,45): warning C4244: '-=': conversión de 'double' a 'float'; posible pérdida de datos
D:\LacCGeIHC\P8_V3\P6\P6\P6.cpp(540,32): warning C4244: '+=': conversión de 'double' a 'float'; posible pérdida de datos
D:\LacCGeIHC\P8_V3\P6\P6\P6.cpp(541,34): warning C4244: '=': conversión de 'double' a 'float'; posible pérdida de datos
D:\LacCGeIHC\P8_V3\P6\P6\P6.cpp(558,33): warning C4244: '-=': conversión de 'double' a 'float'; posible pérdida de datos
D:\LacCGeIHC\P8_V3\P6\P6\P6.cpp(574,33): warning C4244: '-=': conversión de 'double' a 'float'; posible pérdida de datos
D:\LacCGeIHC\P8_V3\P6\P6\P6.cpp(584,34): warning C4244: '=': conversión de 'double' a 'float'; posible pérdida de datos
D:\LacCGeIHC\P8_V3\P6\P6\P6.cpp(585,32): warning C4244: '+=': conversión de 'double' a 'float'; posible pérdida de datos
D:\LacCGeIHC\P8_V3\P6\P6\P6.cpp(602,33): warning C4244: '+=': conversión de 'double' a 'float'; posible pérdida de datos
D:\LacCGeIHC\P8_V3\P6\P6\P6.cpp(617,33): warning C4244: '+=': conversión de 'double' a 'float'; posible pérdida de datos
D:\LacCGeIHC\P8_V3\P6\P6\P6.cpp(634,30): warning C4244: '+=': conversión de 'double' a 'float'; posible pérdida de datos
D:\LacCGeIHC\P8_V3\P6\P6\P6.cpp(635,23): warning C4244: '=': conversión de 'float' a 'int'; posible pérdida de datos
D:\LacCGeIHC\P8_V3\P6\P6\P6.cpp(638,58): warning C4244: '+=': conversión de 'double' a 'float'; posible pérdida de datos
D:\LacCGeIHC\P8_V3\P6\P6\P6.cpp(639,60): warning C4244: '+=': conversión de 'double' a 'float'; posible pérdida de datos
D:\LacCGeIHC\P8_V3\P6\P6\P6.cpp(645,30): warning C4244: '+=': conversión de 'double' a 'float'; posible pérdida de datos
D:\LacCGeIHC\P8_V3\P6\P6\P6.cpp(678,31): warning C4244: '=': conversión de 'GLfloat' a 'int'; posible pérdida de datos
D:\LacCGeIHC\P8_V3\P6\P6\P6.cpp(679,37): warning C4244: '=': conversión de 'GLfloat' a 'int'; posible pérdida de datos
D:\LacCGeIHC\P8_V3\P6\P6\P6.cpp(746,22): warning C4553: "==": el resultado de la expresión no se usa. ¿Quiso decir "="?
D:\LacCGeIHC\P8_V3\P6\P6\P6.cpp(777,22): warning C4553: "==": el resultado de la expresión no se usa. ¿Quiso decir "="?
LINK : warning LNK4098: la biblioteca predeterminada'MSVCRT' entra en conflicto con otras bibliotecas; use la biblioteca /NODEFAULTLIB:biblioteca
  P6.vcxproj -> D:\LacCGeIHC\P8_V3\P6\Debug\P6.exe
